<?xml version="1.0" encoding="UTF-8"?>
<!-- Generated by org.testng.reporters.JUnitXMLReporter -->
<testsuite hostname="VaibhavG" ignored="0" name="Test1" tests="4" failures="0" timestamp="04 Mar 2021 17:00:29 GMT" time="113.337" errors="0">
  <testcase name="loginpage" time="30.604" classname="Tests.TPBLogin"/>
  <testcase name="Newlayout" time="7.166" classname="Tests.TPBLogin"/>
  <testcase name="enterKhoanVayLayoutDetails" time="55.099" classname="Tests.KhoanVayLayout"/>
  <testcase name="closebrowser" time="5.489" classname="Tests.KhoanVayLayout"/>
</testsuite> <!-- Test1 -->
